{"level":"info","message":"База данных инициализирована","timestamp":"2025-04-25T13:14:27.413Z"}
{"level":"info","message":"Бот-контроллер инициализирован","timestamp":"2025-04-25T13:14:27.420Z"}
{"level":"info","message":"Планировщик запущен","timestamp":"2025-04-25T13:14:27.423Z"}
{"level":"info","message":"Приложение успешно запущено","timestamp":"2025-04-25T13:14:27.423Z"}
{"level":"info","message":"База данных инициализирована","timestamp":"2025-04-25T13:20:44.797Z"}
{"level":"info","message":"Бот-контроллер инициализирован","timestamp":"2025-04-25T13:20:44.804Z"}
{"level":"info","message":"Планировщик запущен","timestamp":"2025-04-25T13:20:44.807Z"}
{"level":"info","message":"Приложение успешно запущено","timestamp":"2025-04-25T13:20:44.807Z"}
{"level":"info","message":"База данных инициализирована","timestamp":"2025-04-25T13:27:38.278Z"}
{"level":"info","message":"Бот-контроллер инициализирован","timestamp":"2025-04-25T13:27:38.285Z"}
{"level":"info","message":"Планировщик запущен","timestamp":"2025-04-25T13:27:38.287Z"}
{"level":"info","message":"Приложение успешно запущено","timestamp":"2025-04-25T13:27:38.287Z"}
{"level":"info","message":"База данных инициализирована","timestamp":"2025-04-25T13:28:36.907Z"}
{"level":"info","message":"Бот-контроллер инициализирован","timestamp":"2025-04-25T13:28:36.909Z"}
{"level":"info","message":"Планировщик запущен","timestamp":"2025-04-25T13:28:36.911Z"}
{"level":"info","message":"Приложение успешно запущено","timestamp":"2025-04-25T13:28:36.911Z"}
{"level":"info","message":"База данных инициализирована","timestamp":"2025-04-25T13:28:49.543Z"}
{"level":"info","message":"Бот-контроллер инициализирован","timestamp":"2025-04-25T13:28:49.544Z"}
{"level":"info","message":"Планировщик запущен","timestamp":"2025-04-25T13:28:49.546Z"}
{"level":"info","message":"Приложение успешно запущено","timestamp":"2025-04-25T13:28:49.546Z"}
{"level":"info","message":"База данных инициализирована","timestamp":"2025-04-25T13:29:46.632Z"}
{"level":"info","message":"Бот-контроллер инициализирован","timestamp":"2025-04-25T13:29:46.634Z"}
{"level":"info","message":"Планировщик запущен","timestamp":"2025-04-25T13:29:46.636Z"}
{"level":"info","message":"Приложение успешно запущено","timestamp":"2025-04-25T13:29:46.636Z"}
{"level":"error","message":"**Ошибка**\nВремя: 4/25/2025, 6:33:39 PM\nКанал: system\nКоманда: manualpost\nОписание: SQLITE_ERROR: no such column: name","timestamp":"2025-04-25T13:33:39.260Z"}
{"level":"error","message":"Ошибка при отправке лога в Telegram: ETELEGRAM: 400 Bad Request: can't parse entities: Can't find end of the entity starting at byte offset 121","timestamp":"2025-04-25T13:33:39.373Z"}
{"level":"error","message":"**Ошибка**\nВремя: 4/25/2025, 6:33:44 PM\nКанал: system\nКоманда: list_channels\nОписание: SQLITE_ERROR: no such column: name","timestamp":"2025-04-25T13:33:44.137Z"}
{"level":"error","message":"Ошибка при отправке лога в Telegram: ETELEGRAM: 400 Bad Request: chat not found","timestamp":"2025-04-25T13:33:44.459Z"}
{"level":"info","message":"База данных инициализирована","timestamp":"2025-04-25T13:35:33.826Z"}
{"level":"info","message":"Бот-контроллер инициализирован","timestamp":"2025-04-25T13:35:33.828Z"}
{"level":"info","message":"Планировщик запущен","timestamp":"2025-04-25T13:35:33.829Z"}
{"level":"info","message":"Приложение успешно запущено","timestamp":"2025-04-25T13:35:33.829Z"}
{"level":"info","message":"База данных инициализирована","timestamp":"2025-04-25T13:36:00.259Z"}
{"level":"info","message":"Бот-контроллер инициализирован","timestamp":"2025-04-25T13:36:00.261Z"}
{"level":"info","message":"Планировщик запущен","timestamp":"2025-04-25T13:36:00.263Z"}
{"level":"info","message":"Приложение успешно запущено","timestamp":"2025-04-25T13:36:00.263Z"}
{"level":"error","message":"**Ошибка**\nВремя: 4/25/2025, 6:36:30 PM\nКанал: @missaimodel\nКоманда: add_channel\nОписание: SQLITE_ERROR: table channels has no column named name","timestamp":"2025-04-25T13:36:30.297Z"}
{"level":"error","message":"Ошибка при отправке лога в Telegram: ETELEGRAM: 400 Bad Request: chat not found","timestamp":"2025-04-25T13:36:30.587Z"}
{"level":"info","message":"База данных инициализирована","timestamp":"2025-04-25T13:37:06.698Z"}
{"level":"info","message":"Бот-контроллер инициализирован","timestamp":"2025-04-25T13:37:06.699Z"}
{"level":"info","message":"Планировщик запущен","timestamp":"2025-04-25T13:37:06.701Z"}
{"level":"info","message":"Приложение успешно запущено","timestamp":"2025-04-25T13:37:06.701Z"}
{"level":"info","message":"База данных инициализирована","timestamp":"2025-04-25T13:37:16.869Z"}
{"level":"info","message":"Бот-контроллер инициализирован","timestamp":"2025-04-25T13:37:16.870Z"}
{"level":"info","message":"Планировщик запущен","timestamp":"2025-04-25T13:37:16.872Z"}
{"level":"info","message":"Приложение успешно запущено","timestamp":"2025-04-25T13:37:16.872Z"}
{"level":"error","message":"**Ошибка**\nВремя: 4/25/2025, 6:38:41 PM\nКанал: @missaimodel\nКоманда: add_channel\nОписание: SQLITE_ERROR: table channels has no column named description","timestamp":"2025-04-25T13:38:41.286Z"}
{"level":"error","message":"Ошибка при отправке лога в Telegram: ETELEGRAM: 400 Bad Request: chat not found","timestamp":"2025-04-25T13:38:41.414Z"}
{"level":"info","message":"База данных инициализирована","timestamp":"2025-04-25T13:39:14.026Z"}
{"level":"info","message":"Бот-контроллер инициализирован","timestamp":"2025-04-25T13:39:14.028Z"}
{"level":"info","message":"Планировщик запущен","timestamp":"2025-04-25T13:39:14.030Z"}
{"level":"info","message":"Приложение успешно запущено","timestamp":"2025-04-25T13:39:14.030Z"}
{"level":"info","message":"База данных инициализирована","timestamp":"2025-04-25T13:39:52.036Z"}
{"level":"info","message":"Бот-контроллер инициализирован","timestamp":"2025-04-25T13:39:52.038Z"}
{"level":"info","message":"Планировщик запущен","timestamp":"2025-04-25T13:39:52.040Z"}
{"level":"info","message":"Приложение успешно запущено","timestamp":"2025-04-25T13:39:52.040Z"}
{"level":"info","message":"База данных инициализирована","timestamp":"2025-04-25T13:40:01.094Z"}
{"level":"info","message":"Бот-контроллер инициализирован","timestamp":"2025-04-25T13:40:01.097Z"}
{"level":"info","message":"Планировщик запущен","timestamp":"2025-04-25T13:40:01.099Z"}
{"level":"info","message":"Приложение успешно запущено","timestamp":"2025-04-25T13:40:01.099Z"}
{"level":"info","message":"База данных инициализирована","timestamp":"2025-04-25T13:40:21.132Z"}
{"level":"info","message":"База данных инициализирована","timestamp":"2025-04-25T13:40:33.307Z"}
{"level":"info","message":"База данных инициализирована","timestamp":"2025-04-25T13:40:40.364Z"}
{"level":"info","message":"Бот-контроллер инициализирован","timestamp":"2025-04-25T13:40:40.366Z"}
{"level":"info","message":"Планировщик запущен","timestamp":"2025-04-25T13:40:40.368Z"}
{"level":"info","message":"Приложение успешно запущено","timestamp":"2025-04-25T13:40:40.368Z"}
{"level":"info","message":"База данных инициализирована","timestamp":"2025-04-25T13:43:23.170Z"}
{"level":"info","message":"Бот-контроллер инициализирован","timestamp":"2025-04-25T13:43:23.172Z"}
{"level":"info","message":"Планировщик запущен","timestamp":"2025-04-25T13:43:23.173Z"}
{"level":"info","message":"Приложение успешно запущено","timestamp":"2025-04-25T13:43:23.174Z"}
{"level":"info","message":"База данных инициализирована","timestamp":"2025-04-25T13:43:24.553Z"}
{"level":"info","message":"Бот-контроллер инициализирован","timestamp":"2025-04-25T13:43:24.555Z"}
{"level":"info","message":"Планировщик запущен","timestamp":"2025-04-25T13:43:24.557Z"}
{"level":"info","message":"Приложение успешно запущено","timestamp":"2025-04-25T13:43:24.557Z"}
{"level":"info","message":"База данных инициализирована","timestamp":"2025-04-25T13:44:04.604Z"}
{"level":"info","message":"Бот-контроллер инициализирован","timestamp":"2025-04-25T13:44:04.605Z"}
{"level":"info","message":"Планировщик запущен","timestamp":"2025-04-25T13:44:04.607Z"}
{"level":"info","message":"Приложение успешно запущено","timestamp":"2025-04-25T13:44:04.607Z"}
{"level":"info","message":"База данных инициализирована","timestamp":"2025-04-25T13:44:49.585Z"}
{"level":"info","message":"Бот-контроллер инициализирован","timestamp":"2025-04-25T13:44:49.587Z"}
{"level":"info","message":"Планировщик запущен","timestamp":"2025-04-25T13:44:49.589Z"}
{"level":"info","message":"Приложение успешно запущено","timestamp":"2025-04-25T13:44:49.589Z"}
{"level":"info","message":"База данных инициализирована","timestamp":"2025-04-25T13:45:13.457Z"}
{"level":"info","message":"Бот-контроллер инициализирован","timestamp":"2025-04-25T13:45:13.459Z"}
{"level":"info","message":"Планировщик запущен","timestamp":"2025-04-25T13:45:13.461Z"}
{"level":"info","message":"Приложение успешно запущено","timestamp":"2025-04-25T13:45:13.461Z"}
{"level":"info","message":"База данных инициализирована","timestamp":"2025-04-25T13:45:14.778Z"}
{"level":"info","message":"Бот-контроллер инициализирован","timestamp":"2025-04-25T13:45:14.782Z"}
{"level":"info","message":"Планировщик запущен","timestamp":"2025-04-25T13:45:14.784Z"}
{"level":"info","message":"Приложение успешно запущено","timestamp":"2025-04-25T13:45:14.784Z"}
{"level":"info","message":"База данных инициализирована","timestamp":"2025-04-25T13:46:57.768Z"}
{"level":"info","message":"Бот-контроллер инициализирован","timestamp":"2025-04-25T13:46:57.770Z"}
{"level":"info","message":"Планировщик запущен","timestamp":"2025-04-25T13:46:57.772Z"}
{"level":"info","message":"Приложение успешно запущено","timestamp":"2025-04-25T13:46:57.772Z"}
{"level":"info","message":"База данных инициализирована","timestamp":"2025-04-25T13:47:00.100Z"}
{"level":"info","message":"Бот-контроллер инициализирован","timestamp":"2025-04-25T13:47:00.101Z"}
{"level":"info","message":"Планировщик запущен","timestamp":"2025-04-25T13:47:00.103Z"}
{"level":"info","message":"Приложение успешно запущено","timestamp":"2025-04-25T13:47:00.103Z"}
{"level":"info","message":"База данных инициализирована","timestamp":"2025-04-25T13:47:20.892Z"}
{"level":"info","message":"Бот-контроллер инициализирован","timestamp":"2025-04-25T13:47:20.894Z"}
{"level":"info","message":"Планировщик запущен","timestamp":"2025-04-25T13:47:20.896Z"}
{"level":"info","message":"Приложение успешно запущено","timestamp":"2025-04-25T13:47:20.896Z"}
{"level":"info","message":"База данных инициализирована","timestamp":"2025-04-25T13:47:41.123Z"}
{"level":"info","message":"Бот-контроллер инициализирован","timestamp":"2025-04-25T13:47:41.125Z"}
{"level":"info","message":"Планировщик запущен","timestamp":"2025-04-25T13:47:41.127Z"}
{"level":"info","message":"Приложение успешно запущено","timestamp":"2025-04-25T13:47:41.127Z"}
{"level":"info","message":"База данных инициализирована","timestamp":"2025-04-25T13:47:59.044Z"}
{"level":"info","message":"Бот-контроллер инициализирован","timestamp":"2025-04-25T13:47:59.045Z"}
{"level":"info","message":"Планировщик запущен","timestamp":"2025-04-25T13:47:59.047Z"}
{"level":"info","message":"Приложение успешно запущено","timestamp":"2025-04-25T13:47:59.047Z"}
{"level":"info","message":"База данных инициализирована","timestamp":"2025-04-25T13:48:00.471Z"}
{"level":"info","message":"Бот-контроллер инициализирован","timestamp":"2025-04-25T13:48:00.472Z"}
{"level":"info","message":"Планировщик запущен","timestamp":"2025-04-25T13:48:00.474Z"}
{"level":"info","message":"Приложение успешно запущено","timestamp":"2025-04-25T13:48:00.474Z"}
{"level":"info","message":"База данных инициализирована","timestamp":"2025-04-25T13:52:18.615Z"}
{"level":"info","message":"Бот-контроллер инициализирован","timestamp":"2025-04-25T13:52:18.617Z"}
{"level":"info","message":"Планировщик запущен","timestamp":"2025-04-25T13:52:18.619Z"}
{"level":"info","message":"Приложение успешно запущено","timestamp":"2025-04-25T13:52:18.619Z"}
{"level":"info","message":"База данных инициализирована","timestamp":"2025-04-25T13:52:20.679Z"}
{"level":"info","message":"Бот-контроллер инициализирован","timestamp":"2025-04-25T13:52:20.681Z"}
{"level":"info","message":"Планировщик запущен","timestamp":"2025-04-25T13:52:20.683Z"}
{"level":"info","message":"Приложение успешно запущено","timestamp":"2025-04-25T13:52:20.683Z"}
{"level":"info","message":"База данных инициализирована","timestamp":"2025-04-25T13:53:59.712Z"}
{"level":"info","message":"Бот-контроллер инициализирован","timestamp":"2025-04-25T13:53:59.714Z"}
{"level":"info","message":"Планировщик запущен","timestamp":"2025-04-25T13:53:59.716Z"}
{"level":"info","message":"Приложение успешно запущено","timestamp":"2025-04-25T13:53:59.716Z"}
{"level":"info","message":"База данных инициализирована","timestamp":"2025-04-25T13:54:07.987Z"}
{"level":"info","message":"Бот-контроллер инициализирован","timestamp":"2025-04-25T13:54:07.989Z"}
{"level":"info","message":"Планировщик запущен","timestamp":"2025-04-25T13:54:07.990Z"}
{"level":"info","message":"Приложение успешно запущено","timestamp":"2025-04-25T13:54:07.990Z"}
{"level":"info","message":"База данных инициализирована","timestamp":"2025-04-25T13:54:27.521Z"}
{"level":"info","message":"Бот-контроллер инициализирован","timestamp":"2025-04-25T13:54:27.522Z"}
{"level":"info","message":"Планировщик запущен","timestamp":"2025-04-25T13:54:27.524Z"}
{"level":"info","message":"Приложение успешно запущено","timestamp":"2025-04-25T13:54:27.524Z"}
{"level":"info","message":"База данных инициализирована","timestamp":"2025-04-25T13:54:41.721Z"}
{"level":"info","message":"Бот-контроллер инициализирован","timestamp":"2025-04-25T13:54:41.723Z"}
{"level":"info","message":"Планировщик запущен","timestamp":"2025-04-25T13:54:41.724Z"}
{"level":"info","message":"Приложение успешно запущено","timestamp":"2025-04-25T13:54:41.724Z"}
{"level":"info","message":"База данных инициализирована","timestamp":"2025-04-25T13:56:45.150Z"}
{"level":"info","message":"Бот-контроллер инициализирован","timestamp":"2025-04-25T13:56:45.151Z"}
{"level":"info","message":"Планировщик запущен","timestamp":"2025-04-25T13:56:45.153Z"}
{"level":"info","message":"Приложение успешно запущено","timestamp":"2025-04-25T13:56:45.153Z"}
{"level":"info","message":"База данных инициализирована","timestamp":"2025-04-25T13:59:08.477Z"}
{"level":"info","message":"Бот-контроллер инициализирован","timestamp":"2025-04-25T13:59:08.478Z"}
{"level":"info","message":"Планировщик запущен","timestamp":"2025-04-25T13:59:08.480Z"}
{"level":"info","message":"Приложение успешно запущено","timestamp":"2025-04-25T13:59:08.480Z"}
{"level":"info","message":"База данных инициализирована","timestamp":"2025-04-25T13:59:11.057Z"}
{"level":"info","message":"Бот-контроллер инициализирован","timestamp":"2025-04-25T13:59:11.058Z"}
{"level":"info","message":"Планировщик запущен","timestamp":"2025-04-25T13:59:11.060Z"}
{"level":"info","message":"Приложение успешно запущено","timestamp":"2025-04-25T13:59:11.061Z"}
{"level":"info","message":"База данных инициализирована","timestamp":"2025-04-25T13:59:24.811Z"}
{"level":"info","message":"Бот-контроллер инициализирован","timestamp":"2025-04-25T13:59:24.812Z"}
{"level":"info","message":"Планировщик запущен","timestamp":"2025-04-25T13:59:24.814Z"}
{"level":"info","message":"Приложение успешно запущено","timestamp":"2025-04-25T13:59:24.814Z"}
{"level":"info","message":"База данных инициализирована","timestamp":"2025-04-25T13:59:44.853Z"}
{"level":"info","message":"Бот-контроллер инициализирован","timestamp":"2025-04-25T13:59:44.854Z"}
{"level":"info","message":"Планировщик запущен","timestamp":"2025-04-25T13:59:44.856Z"}
{"level":"info","message":"Приложение успешно запущено","timestamp":"2025-04-25T13:59:44.856Z"}
{"level":"info","message":"База данных инициализирована","timestamp":"2025-04-25T13:59:46.699Z"}
{"level":"info","message":"Бот-контроллер инициализирован","timestamp":"2025-04-25T13:59:46.700Z"}
{"level":"info","message":"Планировщик запущен","timestamp":"2025-04-25T13:59:46.702Z"}
{"level":"info","message":"Приложение успешно запущено","timestamp":"2025-04-25T13:59:46.702Z"}
{"level":"info","message":"База данных инициализирована","timestamp":"2025-04-25T13:59:54.720Z"}
{"level":"info","message":"Бот-контроллер инициализирован","timestamp":"2025-04-25T13:59:54.722Z"}
{"level":"info","message":"Планировщик запущен","timestamp":"2025-04-25T13:59:54.723Z"}
{"level":"info","message":"Приложение успешно запущено","timestamp":"2025-04-25T13:59:54.723Z"}
{"level":"info","message":"База данных инициализирована","timestamp":"2025-04-25T14:00:18.399Z"}
{"level":"info","message":"Бот-контроллер инициализирован","timestamp":"2025-04-25T14:00:18.400Z"}
{"level":"info","message":"Планировщик запущен","timestamp":"2025-04-25T14:00:18.402Z"}
{"level":"info","message":"Приложение успешно запущено","timestamp":"2025-04-25T14:00:18.402Z"}
{"level":"info","message":"База данных инициализирована","timestamp":"2025-04-25T14:00:30.633Z"}
{"level":"info","message":"Бот-контроллер инициализирован","timestamp":"2025-04-25T14:00:30.636Z"}
{"level":"info","message":"Планировщик запущен","timestamp":"2025-04-25T14:00:30.638Z"}
{"level":"info","message":"Приложение успешно запущено","timestamp":"2025-04-25T14:00:30.638Z"}
{"level":"info","message":"База данных инициализирована","timestamp":"2025-04-25T14:00:45.633Z"}
{"level":"info","message":"Бот-контроллер инициализирован","timestamp":"2025-04-25T14:00:45.634Z"}
{"level":"info","message":"Планировщик запущен","timestamp":"2025-04-25T14:00:45.636Z"}
{"level":"info","message":"Приложение успешно запущено","timestamp":"2025-04-25T14:00:45.636Z"}
{"level":"info","message":"База данных инициализирована","timestamp":"2025-04-25T14:03:34.205Z"}
{"level":"info","message":"Бот-контроллер инициализирован","timestamp":"2025-04-25T14:03:34.207Z"}
{"level":"info","message":"Планировщик запущен","timestamp":"2025-04-25T14:03:34.208Z"}
{"level":"info","message":"Приложение успешно запущено","timestamp":"2025-04-25T14:03:34.208Z"}
{"level":"info","message":"База данных инициализирована","timestamp":"2025-04-25T14:04:44.360Z"}
{"level":"info","message":"Бот-контроллер инициализирован","timestamp":"2025-04-25T14:04:44.361Z"}
{"level":"info","message":"Планировщик запущен","timestamp":"2025-04-25T14:04:44.363Z"}
{"level":"info","message":"Приложение успешно запущено","timestamp":"2025-04-25T14:04:44.363Z"}
{"level":"info","message":"База данных инициализирована","timestamp":"2025-04-25T14:04:48.506Z"}
{"level":"info","message":"Бот-контроллер инициализирован","timestamp":"2025-04-25T14:04:48.508Z"}
{"level":"info","message":"Планировщик запущен","timestamp":"2025-04-25T14:04:48.510Z"}
{"level":"info","message":"Приложение успешно запущено","timestamp":"2025-04-25T14:04:48.510Z"}
{"level":"info","message":"База данных инициализирована","timestamp":"2025-04-25T14:05:00.593Z"}
{"level":"info","message":"Бот-контроллер инициализирован","timestamp":"2025-04-25T14:05:00.595Z"}
{"level":"info","message":"Планировщик запущен","timestamp":"2025-04-25T14:05:00.596Z"}
{"level":"info","message":"Приложение успешно запущено","timestamp":"2025-04-25T14:05:00.596Z"}
{"level":"info","message":"База данных инициализирована","timestamp":"2025-04-25T14:05:18.231Z"}
{"level":"info","message":"Бот-контроллер инициализирован","timestamp":"2025-04-25T14:05:18.233Z"}
{"level":"info","message":"Планировщик запущен","timestamp":"2025-04-25T14:05:18.235Z"}
{"level":"info","message":"Приложение успешно запущено","timestamp":"2025-04-25T14:05:18.235Z"}
{"level":"info","message":"База данных инициализирована","timestamp":"2025-04-25T14:07:01.386Z"}
{"level":"info","message":"Бот-контроллер инициализирован","timestamp":"2025-04-25T14:07:01.388Z"}
{"level":"info","message":"Планировщик запущен","timestamp":"2025-04-25T14:07:01.390Z"}
{"level":"info","message":"Приложение успешно запущено","timestamp":"2025-04-25T14:07:01.390Z"}
{"level":"info","message":"База данных инициализирована","timestamp":"2025-04-25T14:08:00.302Z"}
{"level":"info","message":"Бот-контроллер инициализирован","timestamp":"2025-04-25T14:08:00.304Z"}
{"level":"info","message":"Планировщик запущен","timestamp":"2025-04-25T14:08:00.306Z"}
{"level":"info","message":"Приложение успешно запущено","timestamp":"2025-04-25T14:08:00.306Z"}
{"level":"info","message":"База данных инициализирована","timestamp":"2025-04-25T14:14:54.470Z"}
{"level":"info","message":"Бот-контроллер инициализирован","timestamp":"2025-04-25T14:14:54.471Z"}
{"level":"info","message":"Планировщик запущен","timestamp":"2025-04-25T14:14:54.473Z"}
{"level":"info","message":"Приложение успешно запущено","timestamp":"2025-04-25T14:14:54.473Z"}
{"level":"info","message":"База данных инициализирована","timestamp":"2025-04-25T14:15:13.274Z"}
{"level":"info","message":"Бот-контроллер инициализирован","timestamp":"2025-04-25T14:15:13.276Z"}
{"level":"info","message":"Планировщик запущен","timestamp":"2025-04-25T14:15:13.277Z"}
{"level":"info","message":"Приложение успешно запущено","timestamp":"2025-04-25T14:15:13.278Z"}
{"level":"info","message":"База данных инициализирована","timestamp":"2025-04-25T14:15:15.335Z"}
{"level":"info","message":"Бот-контроллер инициализирован","timestamp":"2025-04-25T14:15:15.336Z"}
{"level":"info","message":"Планировщик запущен","timestamp":"2025-04-25T14:15:15.338Z"}
{"level":"info","message":"Приложение успешно запущено","timestamp":"2025-04-25T14:15:15.338Z"}
{"level":"info","message":"База данных инициализирована","timestamp":"2025-04-25T14:15:27.805Z"}
{"level":"info","message":"Бот-контроллер инициализирован","timestamp":"2025-04-25T14:15:27.807Z"}
{"level":"info","message":"Планировщик запущен","timestamp":"2025-04-25T14:15:27.808Z"}
{"level":"info","message":"Приложение успешно запущено","timestamp":"2025-04-25T14:15:27.809Z"}
{"level":"info","message":"База данных инициализирована","timestamp":"2025-04-25T14:17:56.613Z"}
{"level":"info","message":"Бот-контроллер инициализирован","timestamp":"2025-04-25T14:17:56.614Z"}
{"level":"info","message":"Планировщик запущен","timestamp":"2025-04-25T14:17:56.616Z"}
{"level":"info","message":"Приложение успешно запущено","timestamp":"2025-04-25T14:17:56.616Z"}
{"level":"info","message":"База данных инициализирована","timestamp":"2025-04-25T14:19:04.673Z"}
{"level":"info","message":"Бот-контроллер инициализирован","timestamp":"2025-04-25T14:19:04.675Z"}
{"level":"info","message":"Планировщик запущен","timestamp":"2025-04-25T14:19:04.677Z"}
{"level":"info","message":"Приложение успешно запущено","timestamp":"2025-04-25T14:19:04.677Z"}
{"level":"info","message":"База данных инициализирована","timestamp":"2025-04-25T14:19:36.228Z"}
{"level":"info","message":"Бот-контроллер инициализирован","timestamp":"2025-04-25T14:19:36.278Z"}
{"level":"info","message":"Планировщик запущен","timestamp":"2025-04-25T14:19:36.280Z"}
{"level":"info","message":"Приложение успешно запущено","timestamp":"2025-04-25T14:19:36.281Z"}
{"level":"info","message":"База данных инициализирована","timestamp":"2025-04-25T14:23:54.932Z"}
{"level":"info","message":"Бот-контроллер инициализирован","timestamp":"2025-04-25T14:23:54.938Z"}
{"level":"info","message":"Планировщик запущен","timestamp":"2025-04-25T14:23:54.940Z"}
{"level":"info","message":"Приложение успешно запущено","timestamp":"2025-04-25T14:23:54.940Z"}
{"level":"info","message":"База данных инициализирована","timestamp":"2025-04-25T14:25:20.723Z"}
{"level":"info","message":"Бот-контроллер инициализирован","timestamp":"2025-04-25T14:25:20.724Z"}
{"level":"info","message":"Планировщик запущен","timestamp":"2025-04-25T14:25:20.726Z"}
{"level":"info","message":"Приложение успешно запущено","timestamp":"2025-04-25T14:25:20.726Z"}
{"level":"info","message":"База данных инициализирована","timestamp":"2025-04-25T14:25:41.554Z"}
{"level":"info","message":"Бот-контроллер инициализирован","timestamp":"2025-04-25T14:25:41.556Z"}
{"level":"info","message":"Планировщик запущен","timestamp":"2025-04-25T14:25:41.558Z"}
{"level":"info","message":"Приложение успешно запущено","timestamp":"2025-04-25T14:25:41.558Z"}
{"level":"info","message":"База данных инициализирована","timestamp":"2025-04-25T14:26:19.655Z"}
{"level":"info","message":"Бот-контроллер инициализирован","timestamp":"2025-04-25T14:26:19.657Z"}
{"level":"info","message":"Планировщик запущен","timestamp":"2025-04-25T14:26:19.658Z"}
{"level":"info","message":"Приложение успешно запущено","timestamp":"2025-04-25T14:26:19.658Z"}
{"level":"info","message":"База данных инициализирована","timestamp":"2025-04-25T14:32:45.979Z"}
{"level":"info","message":"Бот-контроллер инициализирован","timestamp":"2025-04-25T14:32:45.981Z"}
{"level":"info","message":"Планировщик запущен","timestamp":"2025-04-25T14:32:45.983Z"}
{"level":"info","message":"Приложение успешно запущено","timestamp":"2025-04-25T14:32:45.983Z"}
{"level":"info","message":"База данных инициализирована","timestamp":"2025-04-25T14:32:52.809Z"}
{"level":"info","message":"Бот-контроллер инициализирован","timestamp":"2025-04-25T14:32:52.811Z"}
{"level":"info","message":"Планировщик запущен","timestamp":"2025-04-25T14:32:52.813Z"}
{"level":"info","message":"Приложение успешно запущено","timestamp":"2025-04-25T14:32:52.813Z"}
{"level":"info","message":"База данных инициализирована","timestamp":"2025-04-25T14:35:39.889Z"}
{"level":"info","message":"Бот-контроллер инициализирован","timestamp":"2025-04-25T14:35:39.890Z"}
{"level":"info","message":"Планировщик запущен","timestamp":"2025-04-25T14:35:39.892Z"}
{"level":"info","message":"Приложение успешно запущено","timestamp":"2025-04-25T14:35:39.892Z"}
{"level":"info","message":"База данных инициализирована","timestamp":"2025-04-25T14:36:30.998Z"}
{"level":"info","message":"Бот-контроллер инициализирован","timestamp":"2025-04-25T14:36:31.000Z"}
{"level":"info","message":"Планировщик запущен","timestamp":"2025-04-25T14:36:31.002Z"}
{"level":"info","message":"Приложение успешно запущено","timestamp":"2025-04-25T14:36:31.002Z"}
{"level":"info","message":"База данных инициализирована","timestamp":"2025-04-25T14:36:35.388Z"}
{"level":"info","message":"Бот-контроллер инициализирован","timestamp":"2025-04-25T14:36:35.390Z"}
{"level":"info","message":"Планировщик запущен","timestamp":"2025-04-25T14:36:35.391Z"}
{"level":"info","message":"Приложение успешно запущено","timestamp":"2025-04-25T14:36:35.392Z"}
{"level":"info","message":"База данных инициализирована","timestamp":"2025-04-25T14:36:55.114Z"}
{"level":"info","message":"Бот-контроллер инициализирован","timestamp":"2025-04-25T14:36:55.115Z"}
{"level":"info","message":"Планировщик запущен","timestamp":"2025-04-25T14:36:55.117Z"}
{"level":"info","message":"Приложение успешно запущено","timestamp":"2025-04-25T14:36:55.117Z"}
{"level":"info","message":"База данных инициализирована","timestamp":"2025-04-25T14:38:34.174Z"}
{"level":"info","message":"Бот-контроллер инициализирован","timestamp":"2025-04-25T14:38:34.175Z"}
{"level":"info","message":"Планировщик запущен","timestamp":"2025-04-25T14:38:34.177Z"}
{"level":"info","message":"Приложение успешно запущено","timestamp":"2025-04-25T14:38:34.177Z"}
{"level":"info","message":"База данных инициализирована","timestamp":"2025-04-25T14:39:33.758Z"}
{"level":"info","message":"Бот-контроллер инициализирован","timestamp":"2025-04-25T14:39:33.759Z"}
{"level":"info","message":"Планировщик запущен","timestamp":"2025-04-25T14:39:33.761Z"}
{"level":"info","message":"Приложение успешно запущено","timestamp":"2025-04-25T14:39:33.761Z"}
{"level":"info","message":"База данных инициализирована","timestamp":"2025-04-25T14:39:55.471Z"}
{"level":"info","message":"Бот-контроллер инициализирован","timestamp":"2025-04-25T14:39:55.472Z"}
{"level":"info","message":"Планировщик запущен","timestamp":"2025-04-25T14:39:55.474Z"}
{"level":"info","message":"Приложение успешно запущено","timestamp":"2025-04-25T14:39:55.474Z"}
{"level":"info","message":"База данных инициализирована","timestamp":"2025-04-25T14:40:16.871Z"}
{"level":"info","message":"Бот-контроллер инициализирован","timestamp":"2025-04-25T14:40:16.872Z"}
{"level":"info","message":"Планировщик запущен","timestamp":"2025-04-25T14:40:16.874Z"}
{"level":"info","message":"Приложение успешно запущено","timestamp":"2025-04-25T14:40:16.874Z"}
{"level":"info","message":"База данных инициализирована","timestamp":"2025-04-25T14:42:28.667Z"}
{"level":"info","message":"Бот-контроллер инициализирован","timestamp":"2025-04-25T14:42:28.669Z"}
{"level":"info","message":"Планировщик запущен","timestamp":"2025-04-25T14:42:28.670Z"}
{"level":"info","message":"Приложение успешно запущено","timestamp":"2025-04-25T14:42:28.671Z"}
{"level":"info","message":"База данных инициализирована","timestamp":"2025-04-25T14:44:59.896Z"}
{"level":"info","message":"Бот-контроллер инициализирован","timestamp":"2025-04-25T14:44:59.898Z"}
{"level":"info","message":"Планировщик запущен","timestamp":"2025-04-25T14:44:59.899Z"}
{"level":"info","message":"Приложение успешно запущено","timestamp":"2025-04-25T14:44:59.900Z"}
{"level":"info","message":"База данных инициализирована","timestamp":"2025-04-25T14:46:15.119Z"}
{"level":"info","message":"Бот-контроллер инициализирован","timestamp":"2025-04-25T14:46:15.121Z"}
{"level":"info","message":"Планировщик запущен","timestamp":"2025-04-25T14:46:15.122Z"}
{"level":"info","message":"Приложение успешно запущено","timestamp":"2025-04-25T14:46:15.122Z"}
{"level":"info","message":"База данных инициализирована","timestamp":"2025-04-25T14:46:18.820Z"}
{"level":"info","message":"Бот-контроллер инициализирован","timestamp":"2025-04-25T14:46:18.822Z"}
{"level":"info","message":"Планировщик запущен","timestamp":"2025-04-25T14:46:18.824Z"}
{"level":"info","message":"Приложение успешно запущено","timestamp":"2025-04-25T14:46:18.824Z"}
